[i] Scanned 68 files across 6 include roots.
[x] Found 27 potential correlation logging gaps:
  - src/bridge/zmq_bridge.py:259 :: python log call missing correlation_id context
    logger.warning(f"Invalid message format: {message_str}")
  - src/bridge/zmq_bridge.py:273 :: python log call missing correlation_id context
    logger.error(f"STRICT_MODE REJECTION: {error_msg}")
  - src/bridge/zmq_bridge.py:362 :: python log call missing correlation_id context
    logger.error(f"Error receiving message: {e}")
  - src/bridge/rust_bridge.py:40 :: python log call missing correlation_id context
    logger.error(f"Failed to import signal_bridge module: {e}")
  - src/bridge/rust_bridge.py:41 :: python log call missing correlation_id context
    logger.warning("Make sure the Rust library is built: cd rust && cargo build --release")
  - src/bridge/rust_bridge.py:66 :: python log call missing correlation_id context
    logger.error(f"Failed to import signal_bridge: {e}")
  - src/bridge/rust_bridge.py:67 :: python log call missing correlation_id context
    logger.error("Please build the Rust library:")
  - src/bridge/rust_bridge.py:68 :: python log call missing correlation_id context
    logger.error("  cd rust")
  - src/bridge/rust_bridge.py:69 :: python log call missing correlation_id context
    logger.error("  cargo build --release --package signal-bridge")
  - src/bridge/rust_bridge.py:70 :: python log call missing correlation_id context
    logger.error("  export PYTHONPATH=$PWD/target/release:$PYTHONPATH")
  - src/bridge/rust_bridge.py:123 :: python log call missing correlation_id context
    logger.debug(f"Computed batch features for {len(bars)} bars")
  - src/bridge/rust_bridge.py:126 :: python log call missing correlation_id context
    logger.error(f"Error computing batch features: {e}")
  - src/bridge/rust_bridge.py:153 :: python log call missing correlation_id context
    logger.debug("Computed microstructure features")
  - src/bridge/rust_bridge.py:156 :: python log call missing correlation_id context
    logger.error(f"Error computing microstructure features: {e}")
  - src/bridge/rust_bridge.py:181 :: python log call missing correlation_id context
    logger.info(f"✓ Streaming features: {len(streaming_features)} values")
  - src/bridge/rust_bridge.py:182 :: python log call missing correlation_id context
    logger.info(f"  First 5 features: {streaming_features[:5]}")
  - src/bridge/rust_bridge.py:190 :: python log call missing correlation_id context
    logger.info(f"✓ Batch features: {len(batch_features)} bars processed")
  - src/bridge/rust_bridge.py:191 :: python log call missing correlation_id context
    logger.info(f"  Features per bar: {len(batch_features[0])}")
  - src/bridge/rust_bridge.py:206 :: python log call missing correlation_id context
    logger.error(f"❌ Rust bridge test failed: {e}")
  - src/observability/metrics/rust_bridge.py:78 :: python log call missing correlation_id context
    logger.warning(
  - src/observability/api/websocket_manager.py:129 :: python log call missing correlation_id context
    logger.info(
  - src/observability/api/websocket_manager.py:157 :: python log call missing correlation_id context
    logger.info(
  - src/observability/api/websocket_manager.py:227 :: python log call missing correlation_id context
    logger.warning(
  - src/observability/logging/decorators.py:78 :: python log call missing correlation_id context
    logger.error(
  - src/observability/logging/decorators.py:118 :: python log call missing correlation_id context
    logger.error(
  - src/observability/logging/decorators.py:191 :: python log call missing correlation_id context
    logger.info(
  - src/observability/api/routes/metrics.py:103 :: python log call missing correlation_id context
    logger.info(
