[i] Scanned 68 files across 6 include roots.
[x] Found 181 potential correlation logging gaps:
  - src/bridge/zmq_bridge.py:259 :: python log call missing correlation_id context
    logger.warning(f"Invalid message format: {message_str}")
  - src/bridge/zmq_bridge.py:273 :: python log call missing correlation_id context
    logger.error(f"STRICT_MODE REJECTION: {error_msg}")
  - src/bridge/zmq_bridge.py:362 :: python log call missing correlation_id context
    logger.error(f"Error receiving message: {e}")
  - src/bridge/rust_bridge.py:40 :: python log call missing correlation_id context
    logger.error(f"Failed to import signal_bridge module: {e}")
  - src/bridge/rust_bridge.py:41 :: python log call missing correlation_id context
    logger.warning("Make sure the Rust library is built: cd rust && cargo build --release")
  - src/bridge/rust_bridge.py:64 :: python log call missing correlation_id context
    logger.info("Rust FeatureComputer initialized successfully")
  - src/bridge/rust_bridge.py:66 :: python log call missing correlation_id context
    logger.error(f"Failed to import signal_bridge: {e}")
  - src/bridge/rust_bridge.py:67 :: python log call missing correlation_id context
    logger.error("Please build the Rust library:")
  - src/bridge/rust_bridge.py:68 :: python log call missing correlation_id context
    logger.error("  cd rust")
  - src/bridge/rust_bridge.py:69 :: python log call missing correlation_id context
    logger.error("  cargo build --release --package signal-bridge")
  - src/bridge/rust_bridge.py:70 :: python log call missing correlation_id context
    logger.error("  export PYTHONPATH=$PWD/target/release:$PYTHONPATH")
  - src/bridge/rust_bridge.py:123 :: python log call missing correlation_id context
    logger.debug(f"Computed batch features for {len(bars)} bars")
  - src/bridge/rust_bridge.py:126 :: python log call missing correlation_id context
    logger.error(f"Error computing batch features: {e}")
  - src/bridge/rust_bridge.py:153 :: python log call missing correlation_id context
    logger.debug("Computed microstructure features")
  - src/bridge/rust_bridge.py:156 :: python log call missing correlation_id context
    logger.error(f"Error computing microstructure features: {e}")
  - src/bridge/rust_bridge.py:162 :: python log call missing correlation_id context
    logger.info("Testing Rust feature computation bridge...")
  - src/bridge/rust_bridge.py:181 :: python log call missing correlation_id context
    logger.info(f"✓ Streaming features: {len(streaming_features)} values")
  - src/bridge/rust_bridge.py:182 :: python log call missing correlation_id context
    logger.info(f"  First 5 features: {streaming_features[:5]}")
  - src/bridge/rust_bridge.py:190 :: python log call missing correlation_id context
    logger.info(f"✓ Batch features: {len(batch_features)} bars processed")
  - src/bridge/rust_bridge.py:191 :: python log call missing correlation_id context
    logger.info(f"  Features per bar: {len(batch_features[0])}")
  - src/bridge/rust_bridge.py:200 :: python log call missing correlation_id context
    logger.info(f"✓ Microstructure features: {micro_features}")
  - src/bridge/rust_bridge.py:202 :: python log call missing correlation_id context
    logger.info("✅ All Rust bridge tests passed!")
  - src/bridge/rust_bridge.py:206 :: python log call missing correlation_id context
    logger.error(f"❌ Rust bridge test failed: {e}")
  - src/observability/server.py:136 :: python log call missing correlation_id context
    logger.info("Starting in DEVELOPMENT mode with auto-reload")
  - src/observability/server.py:143 :: python log call missing correlation_id context
    logger.info("Starting in PRODUCTION mode")
  - src/observability/server.py:153 :: python log call missing correlation_id context
    logger.error(f"SSL key file not found: {args.ssl_keyfile}")
  - src/observability/server.py:157 :: python log call missing correlation_id context
    logger.error(f"SSL certificate file not found: {args.ssl_certfile}")
  - src/observability/server.py:164 :: python log call missing correlation_id context
    logger.info("SSL/TLS enabled")
  - src/observability/server.py:167 :: python log call missing correlation_id context
    logger.info(f"Server configuration:")
  - src/observability/server.py:168 :: python log call missing correlation_id context
    logger.info(f"  Host: {args.host}")
  - src/observability/server.py:169 :: python log call missing correlation_id context
    logger.info(f"  Port: {args.port}")
  - src/observability/server.py:170 :: python log call missing correlation_id context
    logger.info(f"  Workers: {args.workers if not args.dev else 'auto-reload'}")
  - src/observability/server.py:171 :: python log call missing correlation_id context
    logger.info(f"  Log level: {args.log_level}")
  - src/observability/server.py:172 :: python log call missing correlation_id context
    logger.info(f"  Access log: {args.access_log}")
  - src/observability/server.py:177 :: python log call missing correlation_id context
    logger.info(f"Data directory: {data_dir.absolute()}")
  - src/observability/server.py:181 :: python log call missing correlation_id context
    logger.info("Starting Observability API server...")
  - src/observability/server.py:182 :: python log call missing correlation_id context
    logger.info(f"API docs available at: http://{args.host}:{args.port}/docs")
  - src/observability/server.py:183 :: python log call missing correlation_id context
    logger.info(f"WebSocket endpoint: ws://{args.host}:{args.port}/ws/metrics")
  - src/observability/server.py:187 :: python log call missing correlation_id context
    logger.info("Server shutdown requested")
  - src/observability/server.py:189 :: python log call missing correlation_id context
    logger.error(f"Server error: {e}")
  - src/observability/database.py:32 :: python log call missing correlation_id context
    logger.info(f"Initialized ObservabilityDatabase: {db_path}")
  - src/observability/database.py:48 :: python log call missing correlation_id context
    logger.debug(f"Would insert {len(records)} market data records")
  - src/observability/database.py:57 :: python log call missing correlation_id context
    logger.debug(f"Would insert {len(records)} execution records")
  - src/observability/database.py:66 :: python log call missing correlation_id context
    logger.debug(f"Would insert {len(records)} risk records")
  - src/observability/database.py:75 :: python log call missing correlation_id context
    logger.debug(f"Would insert {len(records)} system records")
  - src/observability/database.py:96 :: python log call missing correlation_id context
    logger.debug(f"Would query {metric_name} from {start_time} to {end_time}")
  - src/observability/metrics/collectors.py:38 :: python log call missing correlation_id context
    logger.info(f"Starting {self.name} collector...")
  - src/observability/metrics/collectors.py:42 :: python log call missing correlation_id context
    logger.info(f"{self.name} collector started")
  - src/observability/metrics/collectors.py:51 :: python log call missing correlation_id context
    logger.info(f"Stopping {self.name} collector...")
  - src/observability/metrics/collectors.py:54 :: python log call missing correlation_id context
    logger.info(f"{self.name} collector stopped")
  - src/observability/metrics/execution_collector.py:63 :: python log call missing correlation_id context
    logger.info("Execution collector started (mock mode)")
  - src/observability/metrics/execution_collector.py:74 :: python log call missing correlation_id context
    logger.info("Execution collector stopped")
  - src/observability/metrics/execution_collector.py:90 :: python log call missing correlation_id context
    logger.info("Execution collection task cancelled")
  - src/observability/metrics/execution_collector.py:144 :: python log call missing correlation_id context
    logger.error(f"Error writing execution metrics to database: {e}")
  - src/observability/metrics/system_collector.py:66 :: python log call missing correlation_id context
    logger.info("System collector started")
  - src/observability/metrics/system_collector.py:77 :: python log call missing correlation_id context
    logger.info("System collector stopped")
  - src/observability/metrics/system_collector.py:98 :: python log call missing correlation_id context
    logger.info("System collection task cancelled")
  - src/observability/metrics/system_collector.py:100 :: python log call missing correlation_id context
    logger.error(f"Error collecting system metrics: {e}")
  - src/observability/metrics/system_collector.py:130 :: python log call missing correlation_id context
    logger.warning(f"System alert: {message}")
  - src/observability/metrics/system_collector.py:149 :: python log call missing correlation_id context
    logger.error(f"Error writing system metrics to database: {e}")
  - src/observability/metrics/system_collector.py:233 :: python log call missing correlation_id context
    logger.info(f"Alert acknowledged: {alert_id}")
  - src/observability/metrics/system_collector.py:236 :: python log call missing correlation_id context
    logger.warning(f"Alert not found: {alert_id}")
  - src/observability/metrics/strategy_collector.py:55 :: python log call missing correlation_id context
    logger.info("Strategy collector started (mock mode)")
  - src/observability/metrics/strategy_collector.py:66 :: python log call missing correlation_id context
    logger.info("Strategy collector stopped")
  - src/observability/metrics/strategy_collector.py:82 :: python log call missing correlation_id context
    logger.info("Strategy collection task cancelled")
  - src/observability/metrics/strategy_collector.py:133 :: python log call missing correlation_id context
    logger.error(f"Error writing strategy metrics to database: {e}")
  - src/observability/metrics/rust_bridge.py:39 :: python log call missing correlation_id context
    logger.info(f"Initialized RustMetricsBridge with {len(service_endpoints)} services")
  - src/observability/metrics/rust_bridge.py:46 :: python log call missing correlation_id context
    logger.info("Metrics bridge started")
  - src/observability/metrics/rust_bridge.py:53 :: python log call missing correlation_id context
    logger.info("Metrics bridge stopped")
  - src/observability/metrics/rust_bridge.py:67 :: python log call missing correlation_id context
    logger.error("Session not initialized. Call start() first.")
  - src/observability/metrics/rust_bridge.py:75 :: python log call missing correlation_id context
    logger.debug(f"Scraped {len(metrics)} metrics from {service_name}")
  - src/observability/metrics/rust_bridge.py:78 :: python log call missing correlation_id context
    logger.warning(
  - src/observability/metrics/rust_bridge.py:83 :: python log call missing correlation_id context
    logger.debug(f"Connection error scraping {service_name}: {e}")
  - src/observability/metrics/rust_bridge.py:86 :: python log call missing correlation_id context
    logger.error(f"Unexpected error scraping {service_name}: {e}")
  - src/observability/metrics/rust_bridge.py:158 :: python log call missing correlation_id context
    logger.warning(f"Invalid metric value: {value_str}")
  - src/observability/metrics/rust_bridge.py:192 :: python log call missing correlation_id context
    logger.debug(f"Failed to parse metric line '{line}': {e}")
  - src/observability/metrics/rust_bridge.py:256 :: python log call missing correlation_id context
    logger.error(f"Error scraping {service_name}: {result}")
  - src/observability/metrics/rust_bridge.py:272 :: python log call missing correlation_id context
    logger.info(f"Starting continuous scrape (interval: {self.scrape_interval}s)")
  - src/observability/metrics/rust_bridge.py:283 :: python log call missing correlation_id context
    logger.info("Continuous scrape cancelled")
  - src/observability/metrics/rust_bridge.py:286 :: python log call missing correlation_id context
    logger.error(f"Error in continuous scrape: {e}")
  - src/observability/metrics/rust_bridge.py:292 :: python log call missing correlation_id context
    logger.info("Stopping continuous scrape")
  - src/observability/metrics/market_data_collector.py:62 :: python log call missing correlation_id context
    logger.info("Market data collector started - connected to Rust service on port 9091")
  - src/observability/metrics/market_data_collector.py:73 :: python log call missing correlation_id context
    logger.info("Market data collector stopped")
  - src/observability/metrics/market_data_collector.py:93 :: python log call missing correlation_id context
    logger.debug("Rust service unavailable, using mock data")
  - src/observability/metrics/market_data_collector.py:100 :: python log call missing correlation_id context
    logger.info("Market data aggregation task cancelled")
  - src/observability/metrics/market_data_collector.py:151 :: python log call missing correlation_id context
    logger.error(f"Error flushing market data to database: {e}")
  - src/observability/metrics/market_data_collector.py:182 :: python log call missing correlation_id context
    logger.info(f"Added symbol {symbol} to market data collector")
  - src/observability/metrics/market_data_collector.py:188 :: python log call missing correlation_id context
    logger.info(f"Removed symbol {symbol} from market data collector")
  - src/observability/database/duckdb_manager.py:49 :: python log call missing correlation_id context
    logger.info(f"DuckDB manager initialized: {db_path}")
  - src/observability/database/duckdb_manager.py:59 :: python log call missing correlation_id context
    logger.debug(f"Created DuckDB connection for thread {thread_id}")
  - src/observability/database/duckdb_manager.py:70 :: python log call missing correlation_id context
    logger.error(f"DuckDB error: {e}")
  - src/observability/database/duckdb_manager.py:180 :: python log call missing correlation_id context
    logger.info("DuckDB schema initialized")
  - src/observability/database/duckdb_manager.py:215 :: python log call missing correlation_id context
    logger.debug(f"Inserted {len(data)} market data records")
  - src/observability/database/duckdb_manager.py:217 :: python log call missing correlation_id context
    logger.error(f"Error inserting market data: {e}")
  - src/observability/database/duckdb_manager.py:246 :: python log call missing correlation_id context
    logger.debug(f"Inserted {len(data)} strategy metrics records")
  - src/observability/database/duckdb_manager.py:248 :: python log call missing correlation_id context
    logger.error(f"Error inserting strategy metrics: {e}")
  - src/observability/database/duckdb_manager.py:271 :: python log call missing correlation_id context
    logger.debug("Inserted execution metrics")
  - src/observability/database/duckdb_manager.py:273 :: python log call missing correlation_id context
    logger.error(f"Error inserting execution metrics: {e}")
  - src/observability/database/duckdb_manager.py:295 :: python log call missing correlation_id context
    logger.debug("Inserted system metrics")
  - src/observability/database/duckdb_manager.py:297 :: python log call missing correlation_id context
    logger.error(f"Error inserting system metrics: {e}")
  - src/observability/database/duckdb_manager.py:321 :: python log call missing correlation_id context
    logger.debug(f"Inserted trade: {trade['trade_id']}")
  - src/observability/database/duckdb_manager.py:323 :: python log call missing correlation_id context
    logger.error(f"Error inserting trade: {e}")
  - src/observability/database/duckdb_manager.py:392 :: python log call missing correlation_id context
    logger.error(f"Error querying market data: {e}")
  - src/observability/database/duckdb_manager.py:436 :: python log call missing correlation_id context
    logger.error(f"Error querying strategy metrics: {e}")
  - src/observability/database/duckdb_manager.py:445 :: python log call missing correlation_id context
    logger.debug(f"Closed DuckDB connection for thread {thread_id}")
  - src/observability/database/duckdb_manager.py:447 :: python log call missing correlation_id context
    logger.error(f"Error closing connection: {e}")
  - src/observability/database/duckdb_manager.py:451 :: python log call missing correlation_id context
    logger.info("DuckDB manager closed")
  - src/observability/storage/sqlite_client.py:68 :: python log call missing correlation_id context
    logger.debug(f"Created table: {table_name}")
  - src/observability/storage/sqlite_client.py:71 :: python log call missing correlation_id context
    logger.info(f"SQLite initialized: {self.db_path}")
  - src/observability/storage/sqlite_client.py:78 :: python log call missing correlation_id context
    logger.info("SQLite connection closed")
  - src/observability/storage/sqlite_client.py:313 :: python log call missing correlation_id context
    logger.info("Database vacuumed")
  - src/observability/storage/duckdb_client.py:72 :: python log call missing correlation_id context
    logger.info(f"DuckDB initialized: {self.db_path}")
  - src/observability/storage/duckdb_client.py:89 :: python log call missing correlation_id context
    logger.debug(f"Created table: {table_name}")
  - src/observability/storage/duckdb_client.py:97 :: python log call missing correlation_id context
    logger.info("DuckDB connection closed")
  - src/observability/storage/duckdb_client.py:137 :: python log call missing correlation_id context
    logger.debug(f"Inserted {len(metrics)} metrics")
  - src/observability/storage/duckdb_client.py:168 :: python log call missing correlation_id context
    logger.debug(f"Inserted {len(candles)} candles")
  - src/observability/storage/duckdb_client.py:423 :: python log call missing correlation_id context
    logger.info("Database optimized")
  - src/observability/storage/integration.py:59 :: python log call missing correlation_id context
    logger.info("Storage manager initialized")
  - src/observability/storage/integration.py:68 :: python log call missing correlation_id context
    logger.info("Storage manager closed")
  - src/observability/storage/integration.py:117 :: python log call missing correlation_id context
    logger.error(f"Failed to get metrics: {e}")
  - src/observability/storage/integration.py:144 :: python log call missing correlation_id context
    logger.error(f"Failed to get market data: {e}")
  - src/observability/storage/integration.py:169 :: python log call missing correlation_id context
    logger.error(f"Failed to log trade: {e}")
  - src/observability/storage/integration.py:192 :: python log call missing correlation_id context
    logger.error(f"Failed to get trading summary: {e}")
  - src/observability/storage/integration.py:219 :: python log call missing correlation_id context
    logger.error(f"Failed to get system health: {e}")
  - src/observability/storage/integration.py:252 :: python log call missing correlation_id context
    logger.info("Storage initialized for FastAPI app")
  - src/observability/storage/integration.py:257 :: python log call missing correlation_id context
    logger.info("Storage closed for FastAPI app")
  - src/observability/api/main.py:39 :: python log call missing correlation_id context
    logger.info("Starting Observability API...")
  - src/observability/api/main.py:54 :: python log call missing correlation_id context
    logger.info(f"Started {name} collector")
  - src/observability/api/main.py:56 :: python log call missing correlation_id context
    logger.error(f"Failed to start {name} collector: {e}")
  - src/observability/api/main.py:62 :: python log call missing correlation_id context
    logger.info("Observability API started successfully")
  - src/observability/api/main.py:66 :: python log call missing correlation_id context
    logger.info("Stopping Observability API...")
  - src/observability/api/main.py:82 :: python log call missing correlation_id context
    logger.info(f"Stopped {name} collector")
  - src/observability/api/main.py:84 :: python log call missing correlation_id context
    logger.error(f"Error stopping {name} collector: {e}")
  - src/observability/api/main.py:89 :: python log call missing correlation_id context
    logger.info("Observability API stopped")
  - src/observability/api/main.py:104 :: python log call missing correlation_id context
    logger.info("Metrics streaming task cancelled")
  - src/observability/api/main.py:106 :: python log call missing correlation_id context
    logger.error(f"Error in metrics streaming: {e}")
  - src/observability/api/main.py:133 :: python log call missing correlation_id context
    logger.error(f"Error collecting metrics: {e}")
  - src/observability/api/main.py:193 :: python log call missing correlation_id context
    logger.info(f"Client {client_id} subscribed to {topic}")
  - src/observability/api/main.py:197 :: python log call missing correlation_id context
    logger.error(f"WebSocket error for client {client_id}: {e}")
  - src/observability/api/websocket_manager.py:47 :: python log call missing correlation_id context
    logger.error(f"Failed to send to client {self.client_id}: {e}")
  - src/observability/api/websocket_manager.py:58 :: python log call missing correlation_id context
    logger.error(f"Failed to send text to client {self.client_id}: {e}")
  - src/observability/api/websocket_manager.py:129 :: python log call missing correlation_id context
    logger.info(
  - src/observability/api/websocket_manager.py:153 :: python log call missing correlation_id context
    logger.error(f"Error closing WebSocket for {client_id}: {e}")
  - src/observability/api/websocket_manager.py:157 :: python log call missing correlation_id context
    logger.info(
  - src/observability/api/websocket_manager.py:166 :: python log call missing correlation_id context
    logger.info(f"Disconnecting all {len(self.connections)} WebSocket clients...")
  - src/observability/api/websocket_manager.py:179 :: python log call missing correlation_id context
    logger.info("All WebSocket clients disconnected")
  - src/observability/api/websocket_manager.py:194 :: python log call missing correlation_id context
    logger.warning("Message queue full, dropping message (backpressure)")
  - src/observability/api/websocket_manager.py:227 :: python log call missing correlation_id context
    logger.warning(
  - src/observability/api/websocket_manager.py:233 :: python log call missing correlation_id context
    logger.info("Message queue processor cancelled")
  - src/observability/api/websocket_manager.py:261 :: python log call missing correlation_id context
    logger.warning(f"Disconnecting stale client: {client_id}")
  - src/observability/api/websocket_manager.py:264 :: python log call missing correlation_id context
    logger.info("Heartbeat loop cancelled")
  - src/observability/logging/correlations.py:100 :: python log call missing correlation_id context
    >>> logger.info("Processing")  # Has correlation ID
  - src/observability/logging/decorators.py:78 :: python log call missing correlation_id context
    logger.error(
  - src/observability/logging/decorators.py:118 :: python log call missing correlation_id context
    logger.error(
  - src/observability/logging/decorators.py:191 :: python log call missing correlation_id context
    logger.info(
  - src/observability/logging/decorators.py:258 :: python log call missing correlation_id context
    ...     logger.info("Processing order")  # Includes order_id and user_id
  - src/observability/api/routes/metrics.py:45 :: python log call missing correlation_id context
    logger.error(f"Error getting current metrics: {e}")
  - src/observability/api/routes/metrics.py:103 :: python log call missing correlation_id context
    logger.info(
  - src/observability/api/routes/metrics.py:117 :: python log call missing correlation_id context
    logger.error(f"Error querying metrics history: {e}")
  - src/observability/api/routes/metrics.py:138 :: python log call missing correlation_id context
    logger.error(f"Error getting tracked symbols: {e}")
  - src/observability/api/routes/metrics.py:184 :: python log call missing correlation_id context
    logger.error(f"Error getting metrics summary: {e}")
  - src/observability/api/routes/system.py:42 :: python log call missing correlation_id context
    logger.error(f"Error getting system health: {e}")
  - src/observability/api/routes/system.py:70 :: python log call missing correlation_id context
    logger.error(f"Error getting performance metrics: {e}")
  - src/observability/api/routes/system.py:87 :: python log call missing correlation_id context
    logger.error(f"Error getting {name} collector status: {e}")
  - src/observability/api/routes/system.py:112 :: python log call missing correlation_id context
    logger.error(f"Error getting component status: {e}")
  - src/observability/api/routes/system.py:143 :: python log call missing correlation_id context
    logger.error(f"Error getting recent logs: {e}")
  - src/observability/api/routes/system.py:163 :: python log call missing correlation_id context
    logger.error(f"Error acknowledging alert: {e}")
  - src/observability/api/routes/system.py:191 :: python log call missing correlation_id context
    logger.error(f"Error getting {name} stats: {e}")
  - src/observability/api/routes/system.py:196 :: python log call missing correlation_id context
    logger.error(f"Error getting system statistics: {e}")
  - src/observability/api/routes/trades.py:67 :: python log call missing correlation_id context
    logger.error(f"Error getting trade history: {e}")
  - src/observability/api/routes/trades.py:90 :: python log call missing correlation_id context
    logger.error(f"Error getting trade details: {e}")
  - src/observability/api/routes/trades.py:137 :: python log call missing correlation_id context
    logger.error(f"Error getting trade statistics: {e}")
  - src/observability/api/routes/trades.py:164 :: python log call missing correlation_id context
    logger.error(f"Error getting execution quality metrics: {e}")
  - rust/risk-manager/src/stops.rs:179 :: rust log macro missing correlation_id context
    debug!(
  - rust/risk-manager/src/stops.rs:190 :: rust log macro missing correlation_id context
    debug!(
  - rust/risk-manager/src/stops.rs:233 :: rust log macro missing correlation_id context
    info!("Initializing StopManager with config: stop_loss={}%, trailing={}%",
  - rust/risk-manager/src/stops.rs:266 :: rust log macro missing correlation_id context
    info!(
  - rust/risk-manager/src/stops.rs:278 :: rust log macro missing correlation_id context
    info!("Stop-loss removed for {}", symbol.0);
  - rust/risk-manager/src/stops.rs:294 :: rust log macro missing correlation_id context
    warn!("Failed to auto-configure stop for {}: {}", symbol_key, e);
  - rust/execution-engine/src/stop_loss_executor.rs:49 :: rust log macro missing correlation_id context
    info!(
  - rust/execution-engine/src/stop_loss_executor.rs:102 :: rust log macro missing correlation_id context
    info!(
