============================= test session starts ==============================
platform darwin -- Python 3.14.3, pytest-9.0.2, pluggy-1.6.0 -- /opt/homebrew/opt/python@3.14/bin/python3.14
cachedir: .pytest_cache
rootdir: /Users/hoangnam/Developer/RustAlgorithmTrading/tests
configfile: pytest.ini
plugins: cov-7.1.0, asyncio-1.3.0, anyio-4.13.0
asyncio: mode=Mode.STRICT, debug=False, asyncio_default_fixture_loop_scope=None, asyncio_default_test_loop_scope=function
collecting ... collected 7 items

tests/integration/test_observability_integration.py::test_rust_metrics_endpoints_available ✓ market_data endpoint is accessible
✓ execution endpoint is accessible
✓ risk endpoint is accessible
PASSED
tests/integration/test_observability_integration.py::test_rust_metrics_bridge_scraping 2026-04-23 22:31:12.175 | INFO     | src.observability.metrics.rust_bridge:__init__:39 - [cid:INIT] Initialized RustMetricsBridge with 1 services
2026-04-23 22:31:12.175 | INFO     | src.observability.metrics.rust_bridge:start:46 - [cid:INIT] Metrics bridge started
2026-04-23 22:31:12.175 | DEBUG    | src.observability.metrics.rust_bridge:scrape_service:75 - [cid:INIT] Scraped 5 metrics from market_data
2026-04-23 22:31:12.175 | INFO     | src.observability.metrics.rust_bridge:stop:53 - [cid:INIT] Metrics bridge stopped
✓ Successfully scraped metrics from market_data service
  Counters: 0
  Gauges: 1
  Histograms: 0
PASSED
tests/integration/test_observability_integration.py::test_prometheus_text_parsing 2026-04-23 22:31:12.176 | INFO     | src.observability.metrics.rust_bridge:__init__:39 - [cid:INIT] Initialized RustMetricsBridge with 0 services
✓ Prometheus text parsing works correctly
PASSED
tests/integration/test_observability_integration.py::test_market_data_collector_integration 2026-04-23 22:31:12.181 | DEBUG    | src.observability.database.duckdb_manager:_get_connection:59 - [cid:INIT] Created DuckDB connection for thread 8327655680
2026-04-23 22:31:12.182 | INFO     | src.observability.database.duckdb_manager:_init_database:180 - [cid:INIT] DuckDB schema initialized
2026-04-23 22:31:12.182 | INFO     | src.observability.database.duckdb_manager:__init__:49 - [cid:INIT] DuckDB manager initialized: data/observability.duckdb
2026-04-23 22:31:12.182 | INFO     | src.observability.metrics.collectors:start:38 - [cid:INIT] Starting market_data collector...
2026-04-23 22:31:12.182 | INFO     | src.observability.metrics.rust_bridge:__init__:39 - [cid:INIT] Initialized RustMetricsBridge with 3 services
2026-04-23 22:31:12.182 | INFO     | src.observability.metrics.rust_bridge:start:46 - [cid:INIT] Metrics bridge started
2026-04-23 22:31:12.182 | INFO     | src.observability.metrics.market_data_collector:_start_impl:62 - [cid:INIT] Market data collector started - connected to Rust service on port 9091
2026-04-23 22:31:12.182 | INFO     | src.observability.metrics.collectors:start:42 - [cid:INIT] market_data collector started
2026-04-23 22:31:13.184 | DEBUG    | src.observability.metrics.rust_bridge:scrape_service:75 - [cid:INIT] Scraped 5 metrics from market_data
2026-04-23 22:31:14.183 | INFO     | src.observability.metrics.collectors:stop:51 - [cid:INIT] Stopping market_data collector...
2026-04-23 22:31:14.184 | INFO     | src.observability.metrics.market_data_collector:_aggregate_metrics:100 - [cid:INIT] Market data aggregation task cancelled
2026-04-23 22:31:14.184 | INFO     | src.observability.metrics.market_data_collector:_stop_impl:73 - [cid:INIT] Market data collector stopped
2026-04-23 22:31:14.184 | INFO     | src.observability.metrics.collectors:stop:54 - [cid:INIT] market_data collector stopped
✓ Market data collector is collecting metrics
  Symbols tracked: 0
  Metrics collected: 1
PASSED
tests/integration/test_observability_integration.py::test_all_services_scraping 2026-04-23 22:31:14.187 | INFO     | src.observability.metrics.rust_bridge:__init__:39 - [cid:INIT] Initialized RustMetricsBridge with 3 services
2026-04-23 22:31:14.188 | INFO     | src.observability.metrics.rust_bridge:start:46 - [cid:INIT] Metrics bridge started
2026-04-23 22:31:14.189 | DEBUG    | src.observability.metrics.rust_bridge:scrape_service:75 - [cid:INIT] Scraped 5 metrics from market_data
2026-04-23 22:31:14.189 | DEBUG    | src.observability.metrics.rust_bridge:scrape_service:75 - [cid:INIT] Scraped 5 metrics from execution
2026-04-23 22:31:14.190 | DEBUG    | src.observability.metrics.rust_bridge:scrape_service:75 - [cid:INIT] Scraped 5 metrics from risk
2026-04-23 22:31:14.190 | INFO     | src.observability.metrics.rust_bridge:stop:53 - [cid:INIT] Metrics bridge stopped
✓ Successfully scraped 3/3 services
  market_data: 0 counters, 1 gauges, 0 histograms
  execution: 0 counters, 1 gauges, 0 histograms
  risk: 0 counters, 1 gauges, 0 histograms
PASSED
tests/integration/test_observability_integration.py::test_continuous_scraping 2026-04-23 22:31:14.192 | INFO     | src.observability.metrics.rust_bridge:__init__:39 - [cid:INIT] Initialized RustMetricsBridge with 1 services
2026-04-23 22:31:14.192 | INFO     | src.observability.metrics.rust_bridge:start:46 - [cid:INIT] Metrics bridge started
2026-04-23 22:31:14.192 | INFO     | src.observability.metrics.rust_bridge:continuous_scrape:272 - [cid:INIT] Starting continuous scrape (interval: 0.5s)
2026-04-23 22:31:14.192 | DEBUG    | src.observability.metrics.rust_bridge:scrape_service:75 - [cid:INIT] Scraped 5 metrics from market_data
2026-04-23 22:31:14.694 | DEBUG    | src.observability.metrics.rust_bridge:scrape_service:75 - [cid:INIT] Scraped 5 metrics from market_data
2026-04-23 22:31:15.196 | DEBUG    | src.observability.metrics.rust_bridge:scrape_service:75 - [cid:INIT] Scraped 5 metrics from market_data
2026-04-23 22:31:15.699 | DEBUG    | src.observability.metrics.rust_bridge:scrape_service:75 - [cid:INIT] Scraped 5 metrics from market_data
2026-04-23 22:31:16.193 | INFO     | src.observability.metrics.rust_bridge:stop_continuous_scrape:292 - [cid:INIT] Stopping continuous scrape
2026-04-23 22:31:16.201 | INFO     | src.observability.metrics.rust_bridge:stop:53 - [cid:INIT] Metrics bridge stopped
✓ Continuous scraping collected metrics 4 times
PASSED
tests/integration/test_observability_integration.py::test_metrics_module_exports ✓ Metrics bridge is correctly configured
PASSED

=============================== warnings summary ===============================
../../../../opt/homebrew/lib/python3.14/site-packages/websockets/legacy/__init__.py:6
  /opt/homebrew/lib/python3.14/site-packages/websockets/legacy/__init__.py:6: DeprecationWarning: websockets.legacy is deprecated; see https://websockets.readthedocs.io/en/stable/howto/upgrade.html for upgrade instructions
    warnings.warn(  # deprecated in 14.0 - 2024-11-09

src/observability/api/routes/trades.py:97
  /Users/hoangnam/Developer/RustAlgorithmTrading/src/observability/api/routes/trades.py:97: FastAPIDeprecationWarning: `regex` has been deprecated, please use `pattern` instead
    time_range: str = Query("24h", regex="^(1h|24h|7d|30d)$")

integration/test_observability_integration.py::test_rust_metrics_bridge_scraping
integration/test_observability_integration.py::test_prometheus_text_parsing
integration/test_observability_integration.py::test_market_data_collector_integration
integration/test_observability_integration.py::test_all_services_scraping
integration/test_observability_integration.py::test_continuous_scraping
  /Users/hoangnam/Developer/RustAlgorithmTrading/src/observability/metrics/rust_bridge.py:103: DeprecationWarning: datetime.datetime.utcnow() is deprecated and scheduled for removal in a future version. Use timezone-aware objects to represent datetimes in UTC: datetime.datetime.now(datetime.UTC).
    "timestamp": datetime.utcnow(),

integration/test_observability_integration.py::test_market_data_collector_integration
  /Users/hoangnam/Developer/RustAlgorithmTrading/src/observability/metrics/collectors.py:40: DeprecationWarning: datetime.datetime.utcnow() is deprecated and scheduled for removal in a future version. Use timezone-aware objects to represent datetimes in UTC: datetime.datetime.now(datetime.UTC).
    self.start_time = datetime.utcnow()

integration/test_observability_integration.py::test_market_data_collector_integration
  /Users/hoangnam/Developer/RustAlgorithmTrading/src/observability/metrics/market_data_collector.py:197: DeprecationWarning: datetime.datetime.utcnow() is deprecated and scheduled for removal in a future version. Use timezone-aware objects to represent datetimes in UTC: datetime.datetime.now(datetime.UTC).
    timestamp = rust_metrics.get("timestamp", datetime.utcnow())

integration/test_observability_integration.py::test_market_data_collector_integration
  /Users/hoangnam/Developer/RustAlgorithmTrading/src/observability/metrics/collectors.py:88: DeprecationWarning: datetime.datetime.utcnow() is deprecated and scheduled for removal in a future version. Use timezone-aware objects to represent datetimes in UTC: datetime.datetime.now(datetime.UTC).
    uptime = (datetime.utcnow() - self.start_time).total_seconds()

integration/test_observability_integration.py::test_market_data_collector_integration
  /Users/hoangnam/Developer/RustAlgorithmTrading/src/observability/metrics/market_data_collector.py:156: DeprecationWarning: datetime.datetime.utcnow() is deprecated and scheduled for removal in a future version. Use timezone-aware objects to represent datetimes in UTC: datetime.datetime.now(datetime.UTC).
    "timestamp": datetime.utcnow().isoformat(),

-- Docs: https://docs.pytest.org/en/stable/how-to/capture-warnings.html
======================== 7 passed, 11 warnings in 5.01s ========================
