/Users/hoangnam/Developer/RustAlgorithmTrading/src/observability/api/routes/trades.py:97: FastAPIDeprecationWarning: `regex` has been deprecated, please use `pattern` instead
  time_range: str = Query("24h", regex="^(1h|24h|7d|30d)$")
INFO:     Started server process [97312]
INFO:     Waiting for application startup.
2026-04-23 09:14:10.350 | INFO     | observability.api.main:start:39 - Starting Observability API...
2026-04-23 09:14:10.598 | DEBUG    | observability.database.duckdb_manager:_get_connection:59 - Created DuckDB connection for thread 8327655680
2026-04-23 09:14:10.602 | INFO     | observability.database.duckdb_manager:_init_database:180 - DuckDB schema initialized
2026-04-23 09:14:10.602 | INFO     | observability.database.duckdb_manager:__init__:49 - DuckDB manager initialized: data/observability.duckdb
2026-04-23 09:14:10.602 | INFO     | observability.metrics.collectors:start:38 - Starting market_data collector...
2026-04-23 09:14:10.602 | INFO     | observability.metrics.rust_bridge:__init__:39 - Initialized RustMetricsBridge with 3 services
2026-04-23 09:14:10.602 | INFO     | observability.metrics.rust_bridge:start:46 - Metrics bridge started
2026-04-23 09:14:10.602 | INFO     | observability.metrics.market_data_collector:_start_impl:62 - Market data collector started - connected to Rust service on port 9091
2026-04-23 09:14:10.602 | INFO     | observability.metrics.collectors:start:42 - market_data collector started
2026-04-23 09:14:10.602 | INFO     | observability.api.main:start:54 - Started market_data collector
2026-04-23 09:14:10.602 | INFO     | observability.metrics.collectors:start:38 - Starting strategy collector...
2026-04-23 09:14:10.602 | INFO     | observability.metrics.strategy_collector:_start_impl:55 - Strategy collector started (mock mode)
2026-04-23 09:14:10.602 | INFO     | observability.metrics.collectors:start:42 - strategy collector started
2026-04-23 09:14:10.602 | INFO     | observability.api.main:start:54 - Started strategy collector
2026-04-23 09:14:10.602 | INFO     | observability.metrics.collectors:start:38 - Starting execution collector...
2026-04-23 09:14:10.602 | INFO     | observability.metrics.execution_collector:_start_impl:63 - Execution collector started (mock mode)
2026-04-23 09:14:10.602 | INFO     | observability.metrics.collectors:start:42 - execution collector started
2026-04-23 09:14:10.602 | INFO     | observability.api.main:start:54 - Started execution collector
2026-04-23 09:14:10.602 | INFO     | observability.metrics.collectors:start:38 - Starting system collector...
2026-04-23 09:14:10.602 | INFO     | observability.metrics.system_collector:_start_impl:66 - System collector started
2026-04-23 09:14:10.602 | INFO     | observability.metrics.collectors:start:42 - system collector started
2026-04-23 09:14:10.602 | INFO     | observability.api.main:start:54 - Started system collector
2026-04-23 09:14:10.602 | INFO     | observability.api.main:start:62 - Observability API started successfully
INFO:     Application startup complete.
INFO:     Uvicorn running on http://0.0.0.0:8000 (Press CTRL+C to quit)
2026-04-23 09:14:11.757 | DEBUG    | observability.database.duckdb_manager:insert_strategy_metrics:246 - Inserted 3 strategy metrics records
2026-04-23 09:14:11.758 | DEBUG    | observability.database.duckdb_manager:insert_execution_metrics:271 - Inserted execution metrics
2026-04-23 09:14:11.865 | DEBUG    | observability.database.duckdb_manager:insert_system_metrics:295 - Inserted system metrics
2026-04-23 09:14:11.868 | DEBUG    | observability.database.duckdb_manager:insert_trade:321 - Inserted trade: trade_0
2026-04-23 09:14:11.868 | DEBUG    | observability.metrics.rust_bridge:scrape_service:83 - Connection error scraping market_data: Cannot connect to host 127.0.0.1:9091 ssl:default [Connect call failed ('127.0.0.1', 9091)]
2026-04-23 09:14:11.868 | DEBUG    | observability.metrics.market_data_collector:_aggregate_metrics:93 - Rust service unavailable, using mock data
============================================================
Starting Observability API Server
============================================================
Host: 0.0.0.0
Port: 8000
Workers: 1
Reload: False
Log Level: info
============================================================

API Documentation: http://localhost:8000/docs
WebSocket Endpoint: ws://localhost:8000/ws/metrics
Health Check: http://localhost:8000/health

Press Ctrl+C to stop the server
============================================================
INFO:     127.0.0.1:60956 - "GET /health HTTP/1.1" 200 OK
INFO:     127.0.0.1:60958 - "GET /health/ready HTTP/1.1" 200 OK
2026-04-23 09:14:12.760 | DEBUG    | observability.database.duckdb_manager:insert_strategy_metrics:246 - Inserted 3 strategy metrics records
2026-04-23 09:14:12.761 | DEBUG    | observability.database.duckdb_manager:insert_execution_metrics:271 - Inserted execution metrics
2026-04-23 09:14:12.762 | DEBUG    | observability.database.duckdb_manager:insert_trade:321 - Inserted trade: trade_0
2026-04-23 09:14:12.972 | DEBUG    | observability.database.duckdb_manager:insert_system_metrics:295 - Inserted system metrics
2026-04-23 09:14:12.973 | DEBUG    | observability.metrics.rust_bridge:scrape_service:83 - Connection error scraping market_data: Cannot connect to host 127.0.0.1:9091 ssl:default [Connect call failed ('127.0.0.1', 9091)]
2026-04-23 09:14:12.973 | DEBUG    | observability.metrics.market_data_collector:_aggregate_metrics:93 - Rust service unavailable, using mock data
2026-04-23 09:14:13.765 | DEBUG    | observability.database.duckdb_manager:insert_strategy_metrics:246 - Inserted 3 strategy metrics records
2026-04-23 09:14:13.766 | DEBUG    | observability.database.duckdb_manager:insert_execution_metrics:271 - Inserted execution metrics
2026-04-23 09:14:14.077 | DEBUG    | observability.database.duckdb_manager:insert_system_metrics:295 - Inserted system metrics
2026-04-23 09:14:14.078 | DEBUG    | observability.metrics.rust_bridge:scrape_service:83 - Connection error scraping market_data: Cannot connect to host 127.0.0.1:9091 ssl:default [Connect call failed ('127.0.0.1', 9091)]
2026-04-23 09:14:14.078 | DEBUG    | observability.metrics.market_data_collector:_aggregate_metrics:93 - Rust service unavailable, using mock data
2026-04-23 09:14:14.769 | DEBUG    | observability.database.duckdb_manager:insert_strategy_metrics:246 - Inserted 3 strategy metrics records
2026-04-23 09:14:14.770 | DEBUG    | observability.database.duckdb_manager:insert_execution_metrics:271 - Inserted execution metrics
2026-04-23 09:14:15.185 | DEBUG    | observability.database.duckdb_manager:insert_system_metrics:295 - Inserted system metrics
2026-04-23 09:14:15.185 | DEBUG    | observability.metrics.rust_bridge:scrape_service:83 - Connection error scraping market_data: Cannot connect to host 127.0.0.1:9091 ssl:default [Connect call failed ('127.0.0.1', 9091)]
2026-04-23 09:14:15.185 | DEBUG    | observability.metrics.market_data_collector:_aggregate_metrics:93 - Rust service unavailable, using mock data
2026-04-23 09:14:15.773 | DEBUG    | observability.database.duckdb_manager:insert_strategy_metrics:246 - Inserted 3 strategy metrics records
2026-04-23 09:14:15.774 | DEBUG    | observability.database.duckdb_manager:insert_execution_metrics:271 - Inserted execution metrics
2026-04-23 09:14:15.775 | DEBUG    | observability.database.duckdb_manager:insert_trade:321 - Inserted trade: trade_3
2026-04-23 09:14:16.291 | DEBUG    | observability.database.duckdb_manager:insert_system_metrics:295 - Inserted system metrics
2026-04-23 09:14:16.292 | DEBUG    | observability.metrics.rust_bridge:scrape_service:83 - Connection error scraping market_data: Cannot connect to host 127.0.0.1:9091 ssl:default [Connect call failed ('127.0.0.1', 9091)]
2026-04-23 09:14:16.292 | DEBUG    | observability.metrics.market_data_collector:_aggregate_metrics:93 - Rust service unavailable, using mock data
2026-04-23 09:14:16.778 | DEBUG    | observability.database.duckdb_manager:insert_strategy_metrics:246 - Inserted 3 strategy metrics records
2026-04-23 09:14:16.778 | DEBUG    | observability.database.duckdb_manager:insert_execution_metrics:271 - Inserted execution metrics
2026-04-23 09:14:17.395 | DEBUG    | observability.database.duckdb_manager:insert_system_metrics:295 - Inserted system metrics
2026-04-23 09:14:17.395 | DEBUG    | observability.metrics.rust_bridge:scrape_service:83 - Connection error scraping market_data: Cannot connect to host 127.0.0.1:9091 ssl:default [Connect call failed ('127.0.0.1', 9091)]
2026-04-23 09:14:17.395 | DEBUG    | observability.metrics.market_data_collector:_aggregate_metrics:93 - Rust service unavailable, using mock data
2026-04-23 09:14:17.781 | DEBUG    | observability.database.duckdb_manager:insert_strategy_metrics:246 - Inserted 3 strategy metrics records
2026-04-23 09:14:17.782 | DEBUG    | observability.database.duckdb_manager:insert_execution_metrics:271 - Inserted execution metrics
2026-04-23 09:14:17.782 | DEBUG    | observability.database.duckdb_manager:insert_trade:321 - Inserted trade: trade_8
2026-04-23 09:14:18.501 | DEBUG    | observability.database.duckdb_manager:insert_system_metrics:295 - Inserted system metrics
2026-04-23 09:14:18.501 | DEBUG    | observability.metrics.rust_bridge:scrape_service:83 - Connection error scraping market_data: Cannot connect to host 127.0.0.1:9091 ssl:default [Connect call failed ('127.0.0.1', 9091)]
2026-04-23 09:14:18.501 | DEBUG    | observability.metrics.market_data_collector:_aggregate_metrics:93 - Rust service unavailable, using mock data
2026-04-23 09:14:18.784 | DEBUG    | observability.database.duckdb_manager:insert_strategy_metrics:246 - Inserted 3 strategy metrics records
2026-04-23 09:14:18.785 | DEBUG    | observability.database.duckdb_manager:insert_execution_metrics:271 - Inserted execution metrics
2026-04-23 09:14:19.605 | DEBUG    | observability.database.duckdb_manager:insert_system_metrics:295 - Inserted system metrics
2026-04-23 09:14:19.605 | DEBUG    | observability.metrics.rust_bridge:scrape_service:83 - Connection error scraping market_data: Cannot connect to host 127.0.0.1:9091 ssl:default [Connect call failed ('127.0.0.1', 9091)]
2026-04-23 09:14:19.605 | DEBUG    | observability.metrics.market_data_collector:_aggregate_metrics:93 - Rust service unavailable, using mock data
2026-04-23 09:14:19.788 | DEBUG    | observability.database.duckdb_manager:insert_strategy_metrics:246 - Inserted 3 strategy metrics records
2026-04-23 09:14:19.789 | DEBUG    | observability.database.duckdb_manager:insert_execution_metrics:271 - Inserted execution metrics
2026-04-23 09:14:20.713 | DEBUG    | observability.database.duckdb_manager:insert_system_metrics:295 - Inserted system metrics
2026-04-23 09:14:20.713 | DEBUG    | observability.metrics.rust_bridge:scrape_service:83 - Connection error scraping market_data: Cannot connect to host 127.0.0.1:9091 ssl:default [Connect call failed ('127.0.0.1', 9091)]
2026-04-23 09:14:20.713 | DEBUG    | observability.metrics.market_data_collector:_aggregate_metrics:93 - Rust service unavailable, using mock data
2026-04-23 09:14:20.792 | DEBUG    | observability.database.duckdb_manager:insert_strategy_metrics:246 - Inserted 3 strategy metrics records
2026-04-23 09:14:20.793 | DEBUG    | observability.database.duckdb_manager:insert_execution_metrics:271 - Inserted execution metrics
INFO:     Shutting down
INFO:     Waiting for application shutdown.
2026-04-23 09:14:21.220 | INFO     | observability.api.main:stop:66 - Stopping Observability API...
2026-04-23 09:14:21.220 | INFO     | observability.api.main:_stream_metrics:104 - Metrics streaming task cancelled
2026-04-23 09:14:21.220 | INFO     | observability.metrics.collectors:stop:51 - Stopping market_data collector...
2026-04-23 09:14:21.220 | INFO     | observability.metrics.market_data_collector:_aggregate_metrics:100 - Market data aggregation task cancelled
2026-04-23 09:14:21.220 | INFO     | observability.metrics.market_data_collector:_stop_impl:73 - Market data collector stopped
2026-04-23 09:14:21.220 | INFO     | observability.metrics.collectors:stop:54 - market_data collector stopped
2026-04-23 09:14:21.220 | INFO     | observability.api.main:stop:82 - Stopped market_data collector
2026-04-23 09:14:21.220 | INFO     | observability.metrics.collectors:stop:51 - Stopping strategy collector...
2026-04-23 09:14:21.221 | INFO     | observability.metrics.strategy_collector:_collect_metrics:82 - Strategy collection task cancelled
2026-04-23 09:14:21.221 | INFO     | observability.metrics.strategy_collector:_stop_impl:66 - Strategy collector stopped
2026-04-23 09:14:21.221 | INFO     | observability.metrics.collectors:stop:54 - strategy collector stopped
2026-04-23 09:14:21.221 | INFO     | observability.api.main:stop:82 - Stopped strategy collector
2026-04-23 09:14:21.221 | INFO     | observability.metrics.collectors:stop:51 - Stopping execution collector...
2026-04-23 09:14:21.221 | INFO     | observability.metrics.execution_collector:_collect_metrics:90 - Execution collection task cancelled
2026-04-23 09:14:21.221 | INFO     | observability.metrics.execution_collector:_stop_impl:74 - Execution collector stopped
2026-04-23 09:14:21.221 | INFO     | observability.metrics.collectors:stop:54 - execution collector stopped
2026-04-23 09:14:21.221 | INFO     | observability.api.main:stop:82 - Stopped execution collector
2026-04-23 09:14:21.221 | INFO     | observability.metrics.collectors:stop:51 - Stopping system collector...
2026-04-23 09:14:21.221 | INFO     | observability.metrics.system_collector:_collect_metrics:98 - System collection task cancelled
2026-04-23 09:14:21.221 | INFO     | observability.metrics.system_collector:_stop_impl:77 - System collector stopped
2026-04-23 09:14:21.221 | INFO     | observability.metrics.collectors:stop:54 - system collector stopped
2026-04-23 09:14:21.221 | INFO     | observability.api.main:stop:82 - Stopped system collector
2026-04-23 09:14:21.221 | INFO     | observability.api.websocket_manager:disconnect_all:166 - Disconnecting all 0 WebSocket clients...
2026-04-23 09:14:21.221 | INFO     | observability.api.websocket_manager:disconnect_all:179 - All WebSocket clients disconnected
2026-04-23 09:14:21.221 | INFO     | observability.api.main:stop:89 - Observability API stopped
2026-04-23 09:14:21.221 | INFO     | observability.api.websocket_manager:_heartbeat_loop:264 - Heartbeat loop cancelled
2026-04-23 09:14:21.221 | INFO     | observability.api.websocket_manager:_process_message_queue:233 - Message queue processor cancelled
INFO:     Application shutdown complete.
INFO:     Finished server process [97312]
