Starting services in development mode...
Using configuration: config/system.development.json
Building services...
   Compiling pyo3-build-config v0.21.2
warning: unused import: `TradingError`
 --> market-data/src/publisher.rs:1:22
  |
1 | use common::{Result, TradingError, messaging::Message};
  |                      ^^^^^^^^^^^^
  |
  = note: `#[warn(unused_imports)]` (part of `#[warn(unused)]`) on by default

warning: unused import: `error`
  --> market-data/src/lib.rs:17:21
   |
17 | use tracing::{info, error};
   |                     ^^^^^

warning: unused variable: `data`
   --> market-data/src/websocket.rs:174:31
    |
174 |                 Message::Ping(data) => {
    |                               ^^^^ help: if this is intentional, prefix it with an underscore: `_data`
    |
    = note: `#[warn(unused_variables)]` (part of `#[warn(unused)]`) on by default

warning: unused variable: `message`
  --> market-data/src/publisher.rs:14:27
   |
14 |     pub fn publish(&self, message: Message) -> Result<()> {
   |                           ^^^^^^^ help: if this is intentional, prefix it with an underscore: `_message`

warning: fields `ws_client`, `orderbook_manager`, `bar_aggregator`, and `publisher` are never read
  --> market-data/src/lib.rs:21:5
   |
20 | pub struct MarketDataService {
   |            ----------------- fields in this struct
21 |     ws_client: WebSocketClient,
   |     ^^^^^^^^^
22 |     orderbook_manager: OrderBookManager,
   |     ^^^^^^^^^^^^^^^^^
23 |     bar_aggregator: BarAggregator,
   |     ^^^^^^^^^^^^^^
24 |     publisher: MarketDataPublisher,
   |     ^^^^^^^^^
   |
   = note: `#[warn(dead_code)]` (part of `#[warn(unused)]`) on by default

warning: constant `HEARTBEAT_INTERVAL_MS` is never used
  --> market-data/src/websocket.rs:12:7
   |
12 | const HEARTBEAT_INTERVAL_MS: u64 = 30000;
   |       ^^^^^^^^^^^^^^^^^^^^^

warning: field `address` is never read
 --> market-data/src/publisher.rs:4:5
  |
3 | pub struct MarketDataPublisher {
  |            ------------------- field in this struct
4 |     address: String,
  |     ^^^^^^^

warning: unused import: `Side`
 --> execution-engine/src/slippage.rs:1:39
  |
1 | use common::types::{Order, OrderType, Side};
  |                                       ^^^^
  |
  = note: `#[warn(unused_imports)]` (part of `#[warn(unused)]`) on by default

warning: unused variable: `assumed_mid`
  --> execution-engine/src/slippage.rs:99:17
   |
99 |             let assumed_mid = limit_price.0;
   |                 ^^^^^^^^^^^ help: if this is intentional, prefix it with an underscore: `_assumed_mid`
   |
   = note: `#[warn(unused_variables)]` (part of `#[warn(unused)]`) on by default

warning: `market-data` (lib) generated 7 warnings (run `cargo fix --lib -p market-data` to apply 4 suggestions)
warning: `execution-engine` (lib) generated 2 warnings (run `cargo fix --lib -p execution-engine` to apply 2 suggestions)
   Compiling database v0.1.0 (/Users/hoangnam/Developer/RustAlgorithmTrading/rust/database)
   Compiling pyo3-macros-backend v0.21.2
   Compiling pyo3-ffi v0.21.2
   Compiling pyo3 v0.21.2
   Compiling pyo3-macros v0.21.2
   Compiling signal-bridge v0.1.0 (/Users/hoangnam/Developer/RustAlgorithmTrading/rust/signal-bridge)
warning: use of deprecated method `pyo3::deprecations::GilRefs::<T>::function_arg`: use `&Bound<'_, T>` instead for this function argument
   --> signal-bridge/src/bridge.rs:111:51
    |
111 |     pub fn compute_batch(&self, py: Python, bars: &PyList) -> PyResult<Vec<Vec<f64>>> {
    |                                                   ^
    |
    = note: `#[warn(deprecated)]` on by default

warning: use of deprecated method `pyo3::deprecations::GilRefs::<T>::function_arg`: use `&Bound<'_, T>` instead for this function argument
   --> signal-bridge/src/bridge.rs:197:31
    |
197 | fn signal_bridge(_py: Python, m: &PyModule) -> PyResult<()> {
    |                               ^

warning: unused variable: `py`
   --> signal-bridge/src/bridge.rs:111:33
    |
111 |     pub fn compute_batch(&self, py: Python, bars: &PyList) -> PyResult<Vec<Vec<f64>>> {
    |                                 ^^ help: if this is intentional, prefix it with an underscore: `_py`
    |
    = note: `#[warn(unused_variables)]` (part of `#[warn(unused)]`) on by default

warning: field `feature_engine` is never read
  --> signal-bridge/src/lib.rs:17:5
   |
16 | pub struct SignalBridgeService {
   |            ------------------- field in this struct
17 |     feature_engine: FeatureEngine,
   |     ^^^^^^^^^^^^^^
   |
   = note: `#[warn(dead_code)]` (part of `#[warn(unused)]`) on by default

warning: field `engine` is never read
  --> signal-bridge/src/bridge.rs:43:5
   |
42 | pub struct FeatureComputer {
   |            --------------- field in this struct
43 |     engine: FeatureEngine,
   |     ^^^^^^

warning: `signal-bridge` (lib) generated 5 warnings (run `cargo fix --lib -p signal-bridge` to apply 1 suggestion)
    Finished `release` profile [optimized] target(s) in 13.03s

Starting Market Data Service...
  PID: 9162
Starting Risk Manager...
  PID: 9164
Starting Execution Engine...
  PID: 9178
Starting Signal Bridge...
  PID: 9185

âś… All services started!

PIDs:
  Market Data: 9162
  Risk Manager: 9164
  Execution Engine: 9178
  Signal Bridge: 9185

Logs available in logs/

To stop services, run: ./scripts/stop_services.sh
