[0;34m[INFO][0m 2026-04-23 09:15:20 - ==========================================
[0;34m[INFO][0m 2026-04-23 09:15:20 - AUTONOMOUS TRADING SYSTEM
[0;34m[INFO][0m 2026-04-23 09:15:20 - Mode: full
[0;34m[INFO][0m 2026-04-23 09:15:20 - ==========================================
[0;34m[INFO][0m 2026-04-23 09:15:20 - Setting up autonomous trading environment...
[0;32m[SUCCESS][0m 2026-04-23 09:15:20 - Environment setup complete
[0;34m[INFO][0m 2026-04-23 09:15:20 - Validating system configuration...
[0;32m[SUCCESS][0m 2026-04-23 09:15:20 - Configuration validation complete
[0;34m[INFO][0m 2026-04-23 09:15:20 - Building Rust services in release mode...
warning: unused import: `TradingError`
 --> market-data/src/publisher.rs:1:22
  |
1 | use common::{Result, TradingError, messaging::Message};
  |                      ^^^^^^^^^^^^
  |
  = note: `#[warn(unused_imports)]` (part of `#[warn(unused)]`) on by default

warning: unused import: `error`
  --> market-data/src/lib.rs:17:21
   |
17 | use tracing::{info, error};
   |                     ^^^^^

warning: unused variable: `data`
   --> market-data/src/websocket.rs:174:31
    |
174 |                 Message::Ping(data) => {
    |                               ^^^^ help: if this is intentional, prefix it with an underscore: `_data`
    |
    = note: `#[warn(unused_variables)]` (part of `#[warn(unused)]`) on by default

warning: unused variable: `message`
  --> market-data/src/publisher.rs:14:27
   |
14 |     pub fn publish(&self, message: Message) -> Result<()> {
   |                           ^^^^^^^ help: if this is intentional, prefix it with an underscore: `_message`

warning: fields `ws_client`, `orderbook_manager`, `bar_aggregator`, and `publisher` are never read
  --> market-data/src/lib.rs:21:5
   |
20 | pub struct MarketDataService {
   |            ----------------- fields in this struct
21 |     ws_client: WebSocketClient,
   |     ^^^^^^^^^
22 |     orderbook_manager: OrderBookManager,
   |     ^^^^^^^^^^^^^^^^^
23 |     bar_aggregator: BarAggregator,
   |     ^^^^^^^^^^^^^^
24 |     publisher: MarketDataPublisher,
   |     ^^^^^^^^^
   |
   = note: `#[warn(dead_code)]` (part of `#[warn(unused)]`) on by default

warning: constant `HEARTBEAT_INTERVAL_MS` is never used
  --> market-data/src/websocket.rs:12:7
   |
12 | const HEARTBEAT_INTERVAL_MS: u64 = 30000;
   |       ^^^^^^^^^^^^^^^^^^^^^

warning: field `address` is never read
 --> market-data/src/publisher.rs:4:5
  |
3 | pub struct MarketDataPublisher {
  |            ------------------- field in this struct
4 |     address: String,
  |     ^^^^^^^

warning: unused import: `Side`
 --> execution-engine/src/slippage.rs:1:39
  |
1 | use common::types::{Order, OrderType, Side};
  |                                       ^^^^
  |
  = note: `#[warn(unused_imports)]` (part of `#[warn(unused)]`) on by default

warning: unused variable: `assumed_mid`
  --> execution-engine/src/slippage.rs:99:17
   |
99 |             let assumed_mid = limit_price.0;
   |                 ^^^^^^^^^^^ help: if this is intentional, prefix it with an underscore: `_assumed_mid`
   |
   = note: `#[warn(unused_variables)]` (part of `#[warn(unused)]`) on by default

warning: `market-data` (lib) generated 7 warnings (run `cargo fix --lib -p market-data` to apply 4 suggestions)
warning: `execution-engine` (lib) generated 2 warnings (run `cargo fix --lib -p execution-engine` to apply 2 suggestions)
warning: use of deprecated method `pyo3::deprecations::GilRefs::<T>::function_arg`: use `&Bound<'_, T>` instead for this function argument
   --> signal-bridge/src/bridge.rs:111:51
    |
111 |     pub fn compute_batch(&self, py: Python, bars: &PyList) -> PyResult<Vec<...
    |                                                   ^
    |
    = note: `#[warn(deprecated)]` on by default

warning: use of deprecated method `pyo3::deprecations::GilRefs::<T>::function_arg`: use `&Bound<'_, T>` instead for this function argument
   --> signal-bridge/src/bridge.rs:197:31
    |
197 | fn signal_bridge(_py: Python, m: &PyModule) -> PyResult<()> {
    |                               ^

warning: unused variable: `py`
   --> signal-bridge/src/bridge.rs:111:33
    |
111 | ...ub fn compute_batch(&self, py: Python, bars: &PyList) -> PyResult<Vec<Ve...
    |                               ^^ help: if this is intentional, prefix it with an underscore: `_py`
    |
    = note: `#[warn(unused_variables)]` (part of `#[warn(unused)]`) on by default

warning: field `feature_engine` is never read
  --> signal-bridge/src/lib.rs:17:5
   |
16 | pub struct SignalBridgeService {
   |            ------------------- field in this struct
17 |     feature_engine: FeatureEngine,
   |     ^^^^^^^^^^^^^^
   |
   = note: `#[warn(dead_code)]` (part of `#[warn(unused)]`) on by default

warning: field `engine` is never read
  --> signal-bridge/src/bridge.rs:43:5
   |
42 | pub struct FeatureComputer {
   |            --------------- field in this struct
43 |     engine: FeatureEngine,
   |     ^^^^^^

warning: `signal-bridge` (lib) generated 5 warnings (run `cargo fix --lib -p signal-bridge` to apply 1 suggestion)
    Finished `release` profile [optimized] target(s) in 0.53s
[0;32m[SUCCESS][0m 2026-04-23 09:15:21 - Rust services built successfully
[0;34m[INFO][0m 2026-04-23 09:15:21 - ==========================================
[0;34m[INFO][0m 2026-04-23 09:15:21 - PHASE 0: DATA PREPARATION
[0;34m[INFO][0m 2026-04-23 09:15:21 - ==========================================
[0;34m[INFO][0m 2026-04-23 09:15:21 - Checking for historical market data...
[0;34m[INFO][0m 2026-04-23 09:15:21 - Found        6 data files in /Users/hoangnam/Developer/RustAlgorithmTrading/data/historical
[1;33m[WARNING][0m 2026-04-23 09:15:21 - Found        3 data files older than 7 days
[0;34m[INFO][0m 2026-04-23 09:15:21 - Refreshing market data...
[0;34m[INFO][0m 2026-04-23 09:15:21 - Downloading historical market data...
2026-04-23 09:15:23,999 - __main__ - INFO - Initialized downloader for 3 symbols
2026-04-23 09:15:23,999 - __main__ - INFO - Starting download for 3 symbols
2026-04-23 09:15:23,999 - __main__ - INFO - Processing AAPL...
2026-04-23 09:15:23,999 - __main__ - INFO - Date range: 2025-04-22 to 2026-04-22 (today is 2026-04-23)
2026-04-23 09:15:23,999 - __main__ - INFO - Fetching AAPL (attempt 1/3)
2026-04-23 09:15:24,775 - __main__ - ERROR - Error fetching AAPL (attempt 1): <html>
<head><title>401 Authorization Required</title></head>
<body>
<center><h1>401 Authorization Required</h1></center>
<hr><center>nginx</center>
</body>
</html>

2026-04-23 09:15:24,775 - __main__ - INFO - Retrying in 5 seconds (exponential backoff)...
2026-04-23 09:15:29,780 - __main__ - INFO - Fetching AAPL (attempt 2/3)
2026-04-23 09:15:30,020 - __main__ - ERROR - Error fetching AAPL (attempt 2): <html>
<head><title>401 Authorization Required</title></head>
<body>
<center><h1>401 Authorization Required</h1></center>
<hr><center>nginx</center>
</body>
</html>

2026-04-23 09:15:30,021 - __main__ - INFO - Retrying in 10 seconds (exponential backoff)...
2026-04-23 09:15:40,025 - __main__ - INFO - Fetching AAPL (attempt 3/3)
2026-04-23 09:15:40,265 - __main__ - ERROR - Error fetching AAPL (attempt 3): <html>
<head><title>401 Authorization Required</title></head>
<body>
<center><h1>401 Authorization Required</h1></center>
<hr><center>nginx</center>
</body>
</html>

2026-04-23 09:15:40,265 - __main__ - ERROR - Failed to fetch AAPL after 3 attempts
2026-04-23 09:15:40,265 - __main__ - ERROR - Possible causes: 1) Invalid date range 2) API credentials 3) Symbol not found 4) Rate limiting
2026-04-23 09:15:40,265 - __main__ - ERROR - No data for AAPL
2026-04-23 09:15:40,265 - __main__ - INFO - Processing MSFT...
2026-04-23 09:15:40,265 - __main__ - INFO - Date range: 2025-04-22 to 2026-04-22 (today is 2026-04-23)
2026-04-23 09:15:40,265 - __main__ - INFO - Fetching MSFT (attempt 1/3)
2026-04-23 09:15:40,502 - __main__ - ERROR - Error fetching MSFT (attempt 1): <html>
<head><title>401 Authorization Required</title></head>
<body>
<center><h1>401 Authorization Required</h1></center>
<hr><center>nginx</center>
</body>
</html>

2026-04-23 09:15:40,502 - __main__ - INFO - Retrying in 5 seconds (exponential backoff)...
2026-04-23 09:15:45,507 - __main__ - INFO - Fetching MSFT (attempt 2/3)
2026-04-23 09:15:45,747 - __main__ - ERROR - Error fetching MSFT (attempt 2): <html>
<head><title>401 Authorization Required</title></head>
<body>
<center><h1>401 Authorization Required</h1></center>
<hr><center>nginx</center>
</body>
</html>

2026-04-23 09:15:45,747 - __main__ - INFO - Retrying in 10 seconds (exponential backoff)...
2026-04-23 09:15:55,749 - __main__ - INFO - Fetching MSFT (attempt 3/3)
2026-04-23 09:15:56,010 - __main__ - ERROR - Error fetching MSFT (attempt 3): <html>
<head><title>401 Authorization Required</title></head>
<body>
<center><h1>401 Authorization Required</h1></center>
<hr><center>nginx</center>
</body>
</html>

2026-04-23 09:15:56,010 - __main__ - ERROR - Failed to fetch MSFT after 3 attempts
2026-04-23 09:15:56,010 - __main__ - ERROR - Possible causes: 1) Invalid date range 2) API credentials 3) Symbol not found 4) Rate limiting
2026-04-23 09:15:56,010 - __main__ - ERROR - No data for MSFT
2026-04-23 09:15:56,010 - __main__ - INFO - Processing GOOGL...
2026-04-23 09:15:56,010 - __main__ - INFO - Date range: 2025-04-22 to 2026-04-22 (today is 2026-04-23)
2026-04-23 09:15:56,010 - __main__ - INFO - Fetching GOOGL (attempt 1/3)
2026-04-23 09:15:56,253 - __main__ - ERROR - Error fetching GOOGL (attempt 1): <html>
<head><title>401 Authorization Required</title></head>
<body>
<center><h1>401 Authorization Required</h1></center>
<hr><center>nginx</center>
</body>
</html>

2026-04-23 09:15:56,253 - __main__ - INFO - Retrying in 5 seconds (exponential backoff)...
2026-04-23 09:16:01,258 - __main__ - INFO - Fetching GOOGL (attempt 2/3)
2026-04-23 09:16:01,524 - __main__ - ERROR - Error fetching GOOGL (attempt 2): <html>
<head><title>401 Authorization Required</title></head>
<body>
<center><h1>401 Authorization Required</h1></center>
<hr><center>nginx</center>
</body>
</html>

2026-04-23 09:16:01,524 - __main__ - INFO - Retrying in 10 seconds (exponential backoff)...
2026-04-23 09:16:11,528 - __main__ - INFO - Fetching GOOGL (attempt 3/3)
2026-04-23 09:16:11,768 - __main__ - ERROR - Error fetching GOOGL (attempt 3): <html>
<head><title>401 Authorization Required</title></head>
<body>
<center><h1>401 Authorization Required</h1></center>
<hr><center>nginx</center>
</body>
</html>

2026-04-23 09:16:11,768 - __main__ - ERROR - Failed to fetch GOOGL after 3 attempts
2026-04-23 09:16:11,768 - __main__ - ERROR - Possible causes: 1) Invalid date range 2) API credentials 3) Symbol not found 4) Rate limiting
2026-04-23 09:16:11,768 - __main__ - ERROR - No data for GOOGL
2026-04-23 09:16:11,768 - __main__ - INFO - ============================================================
2026-04-23 09:16:11,768 - __main__ - INFO - DOWNLOAD SUMMARY
2026-04-23 09:16:11,768 - __main__ - INFO - ============================================================
2026-04-23 09:16:11,768 - __main__ - INFO - Total symbols: 3
2026-04-23 09:16:11,768 - __main__ - INFO - Successful: 0
2026-04-23 09:16:11,768 - __main__ - INFO - Failed: 3
2026-04-23 09:16:11,768 - __main__ - INFO - Total rows: 0
2026-04-23 09:16:11,768 - __main__ - INFO - Duration: 47.77s
2026-04-23 09:16:11,768 - __main__ - INFO - ============================================================
2026-04-23 09:16:11,768 - __main__ - WARNING - Completed with 3 failures
[0;31m[ERROR][0m 2026-04-23 09:16:11 - Failed to download market data
[0;34m[INFO][0m 2026-04-23 09:16:11 - Attempting fallback download with shorter time range...
2026-04-23 09:16:12,299 - __main__ - INFO - Initialized downloader for 3 symbols
2026-04-23 09:16:12,299 - __main__ - INFO - Starting download for 3 symbols
2026-04-23 09:16:12,299 - __main__ - INFO - Processing AAPL...
2026-04-23 09:16:12,299 - __main__ - INFO - Date range: 2026-01-22 to 2026-04-22 (today is 2026-04-23)
2026-04-23 09:16:12,299 - __main__ - INFO - Fetching AAPL (attempt 1/3)
2026-04-23 09:16:13,031 - __main__ - ERROR - Error fetching AAPL (attempt 1): <html>
<head><title>401 Authorization Required</title></head>
<body>
<center><h1>401 Authorization Required</h1></center>
<hr><center>nginx</center>
</body>
</html>

2026-04-23 09:16:13,031 - __main__ - INFO - Retrying in 5 seconds (exponential backoff)...
2026-04-23 09:16:18,037 - __main__ - INFO - Fetching AAPL (attempt 2/3)
2026-04-23 09:16:18,278 - __main__ - ERROR - Error fetching AAPL (attempt 2): <html>
<head><title>401 Authorization Required</title></head>
<body>
<center><h1>401 Authorization Required</h1></center>
<hr><center>nginx</center>
</body>
</html>

2026-04-23 09:16:18,278 - __main__ - INFO - Retrying in 10 seconds (exponential backoff)...
2026-04-23 09:16:28,283 - __main__ - INFO - Fetching AAPL (attempt 3/3)
2026-04-23 09:16:28,521 - __main__ - ERROR - Error fetching AAPL (attempt 3): <html>
<head><title>401 Authorization Required</title></head>
<body>
<center><h1>401 Authorization Required</h1></center>
<hr><center>nginx</center>
</body>
</html>

2026-04-23 09:16:28,522 - __main__ - ERROR - Failed to fetch AAPL after 3 attempts
2026-04-23 09:16:28,522 - __main__ - ERROR - Possible causes: 1) Invalid date range 2) API credentials 3) Symbol not found 4) Rate limiting
2026-04-23 09:16:28,522 - __main__ - ERROR - No data for AAPL
2026-04-23 09:16:28,522 - __main__ - INFO - Processing MSFT...
2026-04-23 09:16:28,522 - __main__ - INFO - Date range: 2026-01-22 to 2026-04-22 (today is 2026-04-23)
2026-04-23 09:16:28,522 - __main__ - INFO - Fetching MSFT (attempt 1/3)
2026-04-23 09:16:28,759 - __main__ - ERROR - Error fetching MSFT (attempt 1): <html>
<head><title>401 Authorization Required</title></head>
<body>
<center><h1>401 Authorization Required</h1></center>
<hr><center>nginx</center>
</body>
</html>

2026-04-23 09:16:28,760 - __main__ - INFO - Retrying in 5 seconds (exponential backoff)...
2026-04-23 09:16:33,765 - __main__ - INFO - Fetching MSFT (attempt 2/3)
2026-04-23 09:16:34,004 - __main__ - ERROR - Error fetching MSFT (attempt 2): <html>
<head><title>401 Authorization Required</title></head>
<body>
<center><h1>401 Authorization Required</h1></center>
<hr><center>nginx</center>
</body>
</html>

2026-04-23 09:16:34,004 - __main__ - INFO - Retrying in 10 seconds (exponential backoff)...
2026-04-23 09:16:44,009 - __main__ - INFO - Fetching MSFT (attempt 3/3)
2026-04-23 09:16:44,247 - __main__ - ERROR - Error fetching MSFT (attempt 3): <html>
<head><title>401 Authorization Required</title></head>
<body>
<center><h1>401 Authorization Required</h1></center>
<hr><center>nginx</center>
</body>
</html>

2026-04-23 09:16:44,247 - __main__ - ERROR - Failed to fetch MSFT after 3 attempts
2026-04-23 09:16:44,247 - __main__ - ERROR - Possible causes: 1) Invalid date range 2) API credentials 3) Symbol not found 4) Rate limiting
2026-04-23 09:16:44,247 - __main__ - ERROR - No data for MSFT
2026-04-23 09:16:44,247 - __main__ - INFO - Processing GOOGL...
2026-04-23 09:16:44,247 - __main__ - INFO - Date range: 2026-01-22 to 2026-04-22 (today is 2026-04-23)
2026-04-23 09:16:44,247 - __main__ - INFO - Fetching GOOGL (attempt 1/3)
2026-04-23 09:16:44,484 - __main__ - ERROR - Error fetching GOOGL (attempt 1): <html>
<head><title>401 Authorization Required</title></head>
<body>
<center><h1>401 Authorization Required</h1></center>
<hr><center>nginx</center>
</body>
</html>

2026-04-23 09:16:44,484 - __main__ - INFO - Retrying in 5 seconds (exponential backoff)...
2026-04-23 09:16:49,489 - __main__ - INFO - Fetching GOOGL (attempt 2/3)
2026-04-23 09:16:49,729 - __main__ - ERROR - Error fetching GOOGL (attempt 2): <html>
<head><title>401 Authorization Required</title></head>
<body>
<center><h1>401 Authorization Required</h1></center>
<hr><center>nginx</center>
</body>
</html>

2026-04-23 09:16:49,729 - __main__ - INFO - Retrying in 10 seconds (exponential backoff)...
2026-04-23 09:16:59,732 - __main__ - INFO - Fetching GOOGL (attempt 3/3)
2026-04-23 09:16:59,969 - __main__ - ERROR - Error fetching GOOGL (attempt 3): <html>
<head><title>401 Authorization Required</title></head>
<body>
<center><h1>401 Authorization Required</h1></center>
<hr><center>nginx</center>
</body>
</html>

2026-04-23 09:16:59,970 - __main__ - ERROR - Failed to fetch GOOGL after 3 attempts
2026-04-23 09:16:59,970 - __main__ - ERROR - Possible causes: 1) Invalid date range 2) API credentials 3) Symbol not found 4) Rate limiting
2026-04-23 09:16:59,970 - __main__ - ERROR - No data for GOOGL
2026-04-23 09:16:59,970 - __main__ - INFO - ============================================================
2026-04-23 09:16:59,970 - __main__ - INFO - DOWNLOAD SUMMARY
2026-04-23 09:16:59,970 - __main__ - INFO - ============================================================
2026-04-23 09:16:59,970 - __main__ - INFO - Total symbols: 3
2026-04-23 09:16:59,970 - __main__ - INFO - Successful: 0
2026-04-23 09:16:59,970 - __main__ - INFO - Failed: 3
2026-04-23 09:16:59,970 - __main__ - INFO - Total rows: 0
2026-04-23 09:16:59,970 - __main__ - INFO - Duration: 47.67s
2026-04-23 09:16:59,970 - __main__ - INFO - ============================================================
2026-04-23 09:16:59,970 - __main__ - WARNING - Completed with 3 failures
[0;31m[ERROR][0m 2026-04-23 09:17:00 - Market data download failed
[0;31m[ERROR][0m 2026-04-23 09:17:00 - Please check:
[0;31m[ERROR][0m 2026-04-23 09:17:00 -   1. Alpaca API credentials in .env
[0;31m[ERROR][0m 2026-04-23 09:17:00 -   2. Internet connection
[0;31m[ERROR][0m 2026-04-23 09:17:00 -   3. API rate limits
[0;31m[ERROR][0m 2026-04-23 09:17:00 - Validation failed - aborting paper trading
[0;34m[INFO][0m 2026-04-23 09:17:00 - Cleanup triggered...
[0;34m[INFO][0m 2026-04-23 09:17:00 - Stopping all services...
[0;32m[SUCCESS][0m 2026-04-23 09:17:00 - All services stopped
